Starting CAP Project Generator...
Using @sap/cds-dk [9.9.1] from /extbin/globals/bun/global/install/node_modules/@sap/cds-dk
Using @sap/generator-cap-project [2.0.6] from [/extbin/globals/bun/global/install/node_modules/@sap/generator-cap-project]
Using root path [/home/user/projects]

Creating project with application-logging, html5-repo, mta, nodejs, sample, xsuaa

Adding facet: nodejs
Adding facet: mta
Adding facet: sample
Adding facet: xsuaa
Adding facet: html5-repo
Adding facet: application-logging

Successfully initialized CAP project
Continue with: code fileuploadfpm 


Installing dependencies...

added 256 packages, and audited 257 packages in 5s

38 packages are looking for funding
  run `npm fund` for details

found 0 vulnerabilities

Finished installing dependencies

Done setting up project fileuploadfpm
Project is ready to use

